2026-03-04 05:42:55,133 - INFO - Loading models...
2026-03-04 05:42:55,271 - INFO - Models loaded successfully.
2026-03-04 05:46:07,031 - INFO - Loading models...
2026-03-04 05:46:07,103 - INFO - Models loaded successfully.
2026-03-04 05:46:14,854 - INFO - Loading models...
2026-03-04 05:46:14,915 - INFO - Models loaded successfully.
2026-03-04 05:47:43,517 - INFO - Loading models...
2026-03-04 05:47:43,575 - INFO - Models loaded successfully.
2026-03-04 05:52:26,286 - INFO - Loading models...
2026-03-04 05:52:26,286 - INFO - Loading models...
2026-03-04 05:52:26,416 - INFO - Models loaded successfully.
2026-03-04 05:57:05,797 - INFO - Loading models...
2026-03-04 05:57:05,798 - INFO - Loading models...
2026-03-04 05:57:05,828 - INFO - Models loaded successfully.
2026-03-04 05:57:09,315 - INFO - Loading models...
2026-03-04 05:57:09,361 - INFO - Models loaded successfully.
2026-03-04 05:57:09,400 - INFO - Loading models...
2026-03-04 05:57:09,459 - INFO - Models loaded successfully.
2026-03-04 05:58:48,609 - INFO - Loading models...
2026-03-04 05:58:48,658 - INFO - Loading models...
2026-03-04 05:58:48,693 - INFO - Models loaded successfully.
2026-03-04 05:58:48,740 - INFO - Models loaded successfully.
2026-03-04 05:59:00,200 - INFO - Loading models...
2026-03-04 05:59:00,228 - INFO - Loading models...
2026-03-04 05:59:00,330 - INFO - Models loaded successfully.
2026-03-04 05:59:00,357 - INFO - Models loaded successfully.
2026-03-04 06:07:41,012 - INFO - Loading models...
2026-03-04 06:07:41,044 - INFO - Models loaded successfully.
2026-03-04 06:08:36,787 - INFO - {"user_id": 1, "amount": 1000.0, "hybrid_risk": 14.05, "expected_loss": 14.05, "decision": "ALLOW", "trust_before": 810, "trust_after": 787.56}
2026-03-04 09:26:11,009 - INFO - generated new fontManager
2026-03-04 09:26:18,531 - INFO - Loading models...
2026-03-04 09:26:18,617 - INFO - Models loaded successfully.
2026-03-04 09:28:15,404 - INFO - Loading models...
2026-03-04 09:28:15,441 - INFO - Models loaded successfully.
2026-03-04 09:37:39,086 - INFO - Loading models...
2026-03-04 09:37:39,104 - INFO - Models loaded successfully.
2026-03-04 09:37:39,104 - INFO - Models loaded successfully.
2026-03-04 09:37:53,855 - INFO - Loading models...
2026-03-04 09:37:53,859 - INFO - Loading models...
2026-03-04 09:37:53,867 - INFO - Models loaded successfully.
2026-03-04 09:37:53,873 - INFO - Models loaded successfully.
2026-03-04 09:38:00,339 - INFO - Loading models...
2026-03-04 09:38:00,345 - INFO - Models loaded successfully.
2026-03-04 09:38:00,355 - INFO - Loading models...
2026-03-04 09:38:00,362 - INFO - Models loaded successfully.
2026-03-04 09:38:16,453 - INFO - Loading models...
2026-03-04 09:38:16,457 - INFO - Loading models...
2026-03-04 09:38:16,471 - INFO - Models loaded successfully.
2026-03-04 09:38:16,477 - INFO - Models loaded successfully.
2026-03-04 09:47:11,920 - INFO - Loading models...
2026-03-04 09:47:11,921 - INFO - Loading models...
2026-03-04 09:47:11,925 - INFO - Models loaded successfully.
2026-03-04 09:47:11,925 - INFO - Models loaded successfully.
2026-03-04 09:51:53,347 - INFO - Loading models...
2026-03-04 09:51:53,354 - INFO - Models loaded successfully.
2026-03-04 09:53:31,029 - INFO - Loading models...
2026-03-04 09:53:31,034 - INFO - Models loaded successfully.
2026-03-04 09:55:21,028 - INFO - {"user_id": 1, "amount": 5000.0, "hybrid_risk": 67.63, "expected_loss": 338.16, "decision": "ALLOW", "trust_before": 787.56, "trust_after": 687.92, "anomaly_status": "ANOMALY", "velocity_attack": false}
2026-03-04 09:55:39,556 - INFO - {"user_id": 1, "amount": 5000.0, "hybrid_risk": 67.63, "expected_loss": 338.16, "decision": "ALLOW", "trust_before": 687.92, "trust_after": 600.89, "anomaly_status": "ANOMALY", "velocity_attack": false}
2026-03-04 09:55:40,381 - INFO - {"user_id": 1, "amount": 5000.0, "hybrid_risk": 67.63, "expected_loss": 338.16, "decision": "ALLOW", "trust_before": 600.89, "trust_after": 524.87, "anomaly_status": "ANOMALY", "velocity_attack": false}
2026-03-04 09:55:41,105 - INFO - {"user_id": 1, "amount": 5000.0, "hybrid_risk": 67.63, "expected_loss": 338.16, "decision": "ALLOW", "trust_before": 524.87, "trust_after": 458.47, "anomaly_status": "ANOMALY", "velocity_attack": false}
2026-03-04 09:55:42,001 - INFO - {"user_id": 1, "amount": 5000.0, "hybrid_risk": 67.63, "expected_loss": 338.16, "decision": "ALLOW", "trust_before": 458.47, "trust_after": 400.46, "anomaly_status": "ANOMALY", "velocity_attack": false}
2026-03-04 09:55:42,747 - INFO - {"user_id": 1, "amount": 5000.0, "hybrid_risk": 267.63, "expected_loss": 1338.16, "decision": "ALLOW", "trust_before": 400.46, "trust_after": 234.48, "anomaly_status": "ANOMALY", "velocity_attack": true}
2026-03-04 09:55:43,641 - INFO - {"user_id": 1, "amount": 5000.0, "hybrid_risk": 267.63, "expected_loss": 1338.16, "decision": "ALLOW", "trust_before": 234.48, "trust_after": 137.29, "anomaly_status": "ANOMALY", "velocity_attack": true}
2026-03-04 09:55:44,364 - INFO - {"user_id": 1, "amount": 5000.0, "hybrid_risk": 267.63, "expected_loss": 1338.16, "decision": "ALLOW", "trust_before": 137.29, "trust_after": 80.39, "anomaly_status": "ANOMALY", "velocity_attack": true}
2026-03-04 10:03:19,071 - INFO - Loading models...
2026-03-04 10:03:19,071 - INFO - Loading models...
2026-03-04 10:03:19,078 - INFO - Models loaded successfully.
2026-03-04 10:08:45,124 - INFO - {"user_id": 1, "amount": 1000.0, "hybrid_risk": 14.05, "expected_loss": 14.05, "decision": "ALLOW", "trust_before": 80.39, "trust_after": 78.16, "anomaly_status": "ANOMALY", "velocity_attack": false}
2026-03-04 10:09:05,409 - INFO - {"user_id": 2, "amount": 1000.0, "hybrid_risk": 13.81, "expected_loss": 13.81, "decision": "ALLOW", "trust_before": 800, "trust_after": 778.2, "anomaly_status": "ANOMALY", "velocity_attack": false}
2026-03-04 10:09:32,527 - INFO - {"user_id": 2, "amount": 15000.0, "hybrid_risk": 667.43, "expected_loss": 10011.52, "decision": "BLOCK", "trust_before": 778.2, "trust_after": 204.82, "anomaly_status": "ANOMALY", "velocity_attack": false}
2026-03-04 10:09:39,686 - INFO - {"user_id": 2, "amount": 15000.0, "hybrid_risk": 667.43, "expected_loss": 10011.52, "decision": "BLOCK", "trust_before": 204.82, "trust_after": 53.91, "anomaly_status": "ANOMALY", "velocity_attack": false}
2026-03-04 10:09:40,008 - INFO - {"user_id": 2, "amount": 15000.0, "hybrid_risk": 667.43, "expected_loss": 10011.52, "decision": "BLOCK", "trust_before": 53.91, "trust_after": 14.19, "anomaly_status": "ANOMALY", "velocity_attack": false}
2026-03-04 10:09:40,495 - INFO - {"user_id": 2, "amount": 15000.0, "hybrid_risk": 667.43, "expected_loss": 10011.52, "decision": "BLOCK", "trust_before": 14.19, "trust_after": 3.73, "anomaly_status": "ANOMALY", "velocity_attack": false}
2026-03-05 05:53:48,055 - INFO - Loading models...
2026-03-05 05:53:48,089 - INFO - Models loaded successfully.
2026-03-05 19:00:44,309 - INFO - Loading models...
2026-03-05 19:00:44,407 - INFO - Models loaded successfully.
2026-03-05 19:03:32,975 - INFO - Loading models...
2026-03-05 19:03:32,994 - INFO - Models loaded successfully.
2026-03-05 19:06:03,411 - INFO - Loading models...
2026-03-05 19:06:03,432 - INFO - Models loaded successfully.
2026-03-05 19:11:15,170 - INFO - Loading models...
2026-03-05 19:11:15,196 - INFO - Models loaded successfully.
2026-03-05 19:29:53,521 - INFO - Loading models...
2026-03-05 19:29:53,543 - INFO - Models loaded successfully.
2026-03-05 19:30:15,032 - INFO - Loading models...
2026-03-05 19:30:15,121 - INFO - Models loaded successfully.
2026-03-05 19:36:37,264 - INFO - Loading models...
2026-03-05 19:36:37,371 - INFO - Models loaded successfully.
2026-03-05 19:45:24,234 - INFO - Loading models...
2026-03-05 19:45:24,271 - INFO - Models loaded successfully.
2026-03-05 19:53:12,609 - INFO - Loading models...
2026-03-05 19:53:12,658 - INFO - Models loaded successfully.
